Desktop Auto - Log Started
==================================================
[2025-12-21 22:32:29] 
[TIMER] Starting in 3 seconds...
[2025-12-21 22:32:29]    3...
[2025-12-21 22:32:30]    2...
[2025-12-21 22:32:31]    1...
[2025-12-21 22:32:32] [DATA] Loaded 1 symbols from stock_symbols.txt: MU
[2025-12-21 22:32:32] 
[DATA] Processing 1 symbols: MU
[2025-12-21 22:32:32] 
============================================================
[2025-12-21 22:32:32] Processing symbol: MU
[2025-12-21 22:32:32] ============================================================
[2025-12-21 22:32:32] 
[REUSE] Tab 1: Reusing existing screenshot: C:\Users\senth\OneDrive\Documents\data\screenshots/MU\MU_luxoalgo.png
[2025-12-21 22:32:32] 
[REUSE] Tab 2: Reusing existing screenshot: C:\Users\senth\OneDrive\Documents\data\screenshots/MU\MU_heiken.png
[2025-12-21 22:32:32] 
[REUSE] Tab 3: Reusing existing screenshot: C:\Users\senth\OneDrive\Documents\data\screenshots/MU\MU_volume_layout.png
[2025-12-21 22:32:32] 
[REUSE] Tab 4: Reusing existing screenshot: C:\Users\senth\OneDrive\Documents\data\screenshots/MU\MU_utbot.png
[2025-12-21 22:32:32] 
[REUSE] Tab 5: Reusing existing Symbolik screenshot: C:\Users\senth\OneDrive\Documents\data\screenshots/MU\MU_symbolik.png
[2025-12-21 22:32:32] 
[AI] Starting AI analysis for MU...
[2025-12-21 22:32:33]    [AI] Using Perplexity, Google AI for analysis
[2025-12-21 22:33:46] 
[OK] Completed processing MU!
[2025-12-21 22:33:46] 
[OK] DONE! All symbols and windows processed.
